<?xml version="1.0" encoding="UTF-8"?>
<!-- Generated by org.testng.reporters.JUnitReportReporter -->
<testsuite hostname="Srujal-Swayam" failures="0" tests="1" name="api.test.UserTests2" time="4.640" errors="0" timestamp="2025-08-04T18:56:18 IST" skipped="0">
  <testcase classname="api.test.UserTests2" name="testPostUser" time="4.640"/>
</testsuite> <!-- api.test.UserTests2 -->
